INFO:root:Start timestamp for execution is: 07/11/2022 15:13:25
INFO:root:Starting the execution of program Pull
INFO:root:Starting readIni() method
INFO:root:Trying to open .ini file to read
INFO:root:File exists
INFO:root:Populating .ini file now
INFO:root:Finishing readIni() method
INFO:root:Starting API() method
INFO:root:Unit is 151708
INFO:root:.CSV hasnt been made yet for todays pulling
INFO:root:The .CSV file exists currently: False
INFO:root:Starting the createCSV() method
INFO:root:Finished the createCSV() method
INFO:root:Unit is 143456
INFO:root:.CSV is already made for todays pulling
INFO:root:The .CSV file exists currently: True
INFO:root:Starting the createCSV() method
INFO:root:Finished the createCSV() method
INFO:root:Unit is 151702
INFO:root:.CSV is already made for todays pulling
INFO:root:The .CSV file exists currently: True
INFO:root:Starting the createCSV() method
INFO:root:Finished the createCSV() method
INFO:root:Unit is 151700
INFO:root:.CSV is already made for todays pulling
INFO:root:The .CSV file exists currently: True
INFO:root:Starting the createCSV() method
INFO:root:Finished the createCSV() method
INFO:root:Finishing API() method
INFO:root:Time of program completion 07/11/2022 15:13:27
